Using pre-set license
Built from '2020.2/release' branch; Version is '2020.2.0f1 (3721df5a8b28) revision 3613151'; Using compiler version '192528614'; Build Type 'Release'
OS: 'Windows 10  (10.0.0) 64bit' Language: 'ru' Physical Memory: 16326 MB
BatchMode: 1, IsHumanControllingUs: 0, StartBugReporterOnCrash: 0, Is64bit: 1, IsPro: 0

 COMMAND LINE ARGUMENTS:
D:\HackerMan Coding\Unity\2020.2.0f1\Editor\Unity.exe
-adb2
-batchMode
-noUpm
-name
AssetImportWorker0
-projectPath
D:/_CODING/Password-Keeper/Password Keeper Code
-logFile
Logs/AssetImportWorker0.log
-srvPort
63129
Successfully changed project path to: D:/_CODING/Password-Keeper/Password Keeper Code
D:/_CODING/Password-Keeper/Password Keeper Code
Using Asset Import Pipeline V2.
Refreshing native plugins compatible for Editor in 22.73 ms, found 0 plugins.
Preloading 0 native plugins for Editor in 0.00 ms.
Initialize engine version: 2020.2.0f1 (3721df5a8b28)
[Subsystems] Discovering subsystems at path D:/HackerMan Coding/Unity/2020.2.0f1/Editor/Data/Resources/UnitySubsystems
[Subsystems] Discovering subsystems at path D:/_CODING/Password-Keeper/Password Keeper Code/Assets
GfxDevice: creating device client; threaded=0
Direct3D:
    Version:  Direct3D 11.0 [level 11.1]
    Renderer: NVIDIA GeForce GTX 1650 SUPER (ID=0x2187)
    Vendor:   
    VRAM:     3955 MB
    Driver:   27.21.14.5206
Initialize mono
Mono path[0] = 'D:/HackerMan Coding/Unity/2020.2.0f1/Editor/Data/Managed'
Mono path[1] = 'D:/HackerMan Coding/Unity/2020.2.0f1/Editor/Data/MonoBleedingEdge/lib/mono/unityjit'
Mono config path = 'D:/HackerMan Coding/Unity/2020.2.0f1/Editor/Data/MonoBleedingEdge/etc'
Using monoOptions --debugger-agent=transport=dt_socket,embedding=1,server=y,suspend=n,address=127.0.0.1:56056
Begin MonoManager ReloadAssembly
Registering precompiled unity dll's ...
Register platform support module: D:/HackerMan Coding/Unity/2020.2.0f1/Editor/Data/PlaybackEngines/WindowsStandaloneSupport/UnityEditor.WindowsStandalone.Extensions.dll
Registered in 0.000802 seconds.
Native extension for WindowsStandalone target not found
Refreshing native plugins compatible for Editor in 21.86 ms, found 0 plugins.
Preloading 0 native plugins for Editor in 0.00 ms.
Invoked RoslynAnalysisRunner static constructor.
RoslynAnalysisRunner will not be running.
RoslynAnalysisRunner has terminated.
Mono: successfully reloaded assembly
- Completed reload, in  0.744 seconds
Platform modules already initialized, skipping
Registering precompiled user dll's ...
Registered in 0.000471 seconds.
Begin MonoManager ReloadAssembly
Native extension for WindowsStandalone target not found
Refreshing native plugins compatible for Editor in 0.19 ms, found 0 plugins.
Preloading 0 native plugins for Editor in 0.00 ms.
Invoked RoslynAnalysisRunner static constructor.
RoslynAnalysisRunner will not be running.
RoslynAnalysisRunner has terminated.
Mono: successfully reloaded assembly
- Completed reload, in  0.701 seconds
Platform modules already initialized, skipping
========================================================================
Worker process is ready to serve import requests
Launched and connected shader compiler UnityShaderCompiler.exe after 0.04 seconds
Refreshing native plugins compatible for Editor in 0.24 ms, found 0 plugins.
Preloading 0 native plugins for Editor in 0.00 ms.
Unloading 1164 Unused Serialized files (Serialized files now loaded: 0)
System memory in use before: 59.7 MB.
System memory in use after: 59.8 MB.

Unloading 13 unused Assets to reduce memory usage. Loaded Objects now: 1609.
Total: 1.650200 ms (FindLiveObjects: 0.216600 ms CreateObjectMapping: 0.121700 ms MarkObjects: 1.264200 ms  DeleteObjects: 0.046500 ms)

========================================================================
Received Import Request.
  path: Assets/Delete_Button.png
  artifactKey: Guid(fd07763acbdda0d40adf7c467474e042) Importer(815301076,1909f56bfc062723c751e8b465ee728b)
Start importing Assets/Delete_Button.png using Guid(fd07763acbdda0d40adf7c467474e042) Importer(815301076,1909f56bfc062723c751e8b465ee728b)  -> (artifact id: '3194ffcc3458b96863a3e1b2fe954586') in 0.131040 seconds
  Import took 0.132931 seconds .

========================================================================
Received Import Request.
  Time since last request: 0.000232 seconds.
  path: Assets/New_Button.png
  artifactKey: Guid(bedea5f716656cd40b399c2c3a69a4e5) Importer(815301076,1909f56bfc062723c751e8b465ee728b)
Start importing Assets/New_Button.png using Guid(bedea5f716656cd40b399c2c3a69a4e5) Importer(815301076,1909f56bfc062723c751e8b465ee728b)  -> (artifact id: '3b1a3752df7496364c85a2498edbfc62') in 0.015464 seconds
  Import took 0.017201 seconds .

========================================================================
Received Import Request.
  Time since last request: 0.000217 seconds.
  path: Assets/All_Button.png
  artifactKey: Guid(dc6aadd000d02094891336850bfe8125) Importer(815301076,1909f56bfc062723c751e8b465ee728b)
Start importing Assets/All_Button.png using Guid(dc6aadd000d02094891336850bfe8125) Importer(815301076,1909f56bfc062723c751e8b465ee728b)  -> (artifact id: 'd83c85348e2da428574d3b0d7e4b1b51') in 0.015334 seconds
  Import took 0.017267 seconds .

========================================================================
Received Import Request.
  Time since last request: 0.000259 seconds.
  path: Assets/Search_Button.png
  artifactKey: Guid(802fbd20af1e8f346adc8a67c4eae344) Importer(815301076,1909f56bfc062723c751e8b465ee728b)
Start importing Assets/Search_Button.png using Guid(802fbd20af1e8f346adc8a67c4eae344) Importer(815301076,1909f56bfc062723c751e8b465ee728b)  -> (artifact id: 'd37f73f34dad5662d0949623734aebdd') in 0.014339 seconds
  Import took 0.016482 seconds .

========================================================================
Received Import Request.
  Time since last request: 0.000211 seconds.
  path: Assets/Icon_Password-Keeper.jpg
  artifactKey: Guid(32cae92ddd497564fbd0b83af42b4596) Importer(815301076,1909f56bfc062723c751e8b465ee728b)
Start importing Assets/Icon_Password-Keeper.jpg using Guid(32cae92ddd497564fbd0b83af42b4596) Importer(815301076,1909f56bfc062723c751e8b465ee728b)  -> (artifact id: '51ee88d514e6b0eb5febc46d9a54f5d8') in 0.016369 seconds
  Import took 0.018182 seconds .

========================================================================
Received Import Request.
  Time since last request: 0.000195 seconds.
  path: Assets/Login_Button.png
  artifactKey: Guid(d68beee08e400ef48b9bd1084ff50530) Importer(815301076,1909f56bfc062723c751e8b465ee728b)
Start importing Assets/Login_Button.png using Guid(d68beee08e400ef48b9bd1084ff50530) Importer(815301076,1909f56bfc062723c751e8b465ee728b)  -> (artifact id: 'deb8faba916fa728f143230ada7b574e') in 0.013948 seconds
  Import took 0.015609 seconds .

========================================================================
Received Import Request.
  Time since last request: 0.000194 seconds.
  path: Assets/Logo.png
  artifactKey: Guid(37bb23b6a54d1a14e9d2c0f8fb83f3cc) Importer(815301076,1909f56bfc062723c751e8b465ee728b)
Start importing Assets/Logo.png using Guid(37bb23b6a54d1a14e9d2c0f8fb83f3cc) Importer(815301076,1909f56bfc062723c751e8b465ee728b)  -> (artifact id: '43a6acca1d184731b89448f65ef6196e') in 0.014628 seconds
  Import took 0.016352 seconds .

========================================================================
Received Import Request.
  Time since last request: 0.000248 seconds.
  path: Assets/Edit_Button.png
  artifactKey: Guid(f3c11217d1021ca49835b62ae763fa5f) Importer(815301076,1909f56bfc062723c751e8b465ee728b)
Start importing Assets/Edit_Button.png using Guid(f3c11217d1021ca49835b62ae763fa5f) Importer(815301076,1909f56bfc062723c751e8b465ee728b)  -> (artifact id: '5d093a824394849bb3e2e6e77fcc9bf5') in 0.013952 seconds
  Import took 0.015786 seconds .

========================================================================
Received Import Request.
  Time since last request: 0.000195 seconds.
  path: Assets/Icon_Password-Keeper.png
  artifactKey: Guid(9901d5f376f9a3b4d94ccd7e05acf62a) Importer(815301076,1909f56bfc062723c751e8b465ee728b)
Start importing Assets/Icon_Password-Keeper.png using Guid(9901d5f376f9a3b4d94ccd7e05acf62a) Importer(815301076,1909f56bfc062723c751e8b465ee728b)  -> (artifact id: '08f4feb7104f360b96a9ed298e1af25e') in 0.011889 seconds
  Import took 0.013564 seconds .

========================================================================
Received Import Request.
  Time since last request: 0.000177 seconds.
  path: Assets/Back_Button.png
  artifactKey: Guid(0f4705fd64382d74bb909cec2f52bd7b) Importer(815301076,1909f56bfc062723c751e8b465ee728b)
Start importing Assets/Back_Button.png using Guid(0f4705fd64382d74bb909cec2f52bd7b) Importer(815301076,1909f56bfc062723c751e8b465ee728b)  -> (artifact id: '59de77c527167236d044e42f84acd27b') in 0.014784 seconds
  Import took 0.016484 seconds .

========================================================================
Received Import Request.
  Time since last request: 0.000230 seconds.
  path: Assets/Copy_Button.png
  artifactKey: Guid(e0469343dbf6b874f837bb4a128579a8) Importer(815301076,1909f56bfc062723c751e8b465ee728b)
Start importing Assets/Copy_Button.png using Guid(e0469343dbf6b874f837bb4a128579a8) Importer(815301076,1909f56bfc062723c751e8b465ee728b)  -> (artifact id: '964ced237c4ef67b995089da4d253f6e') in 0.015719 seconds
  Import took 0.017539 seconds .

========================================================================
Received Prepare
Registering precompiled user dll's ...
Registered in 0.000462 seconds.
Begin MonoManager ReloadAssembly
Native extension for WindowsStandalone target not found
Refreshing native plugins compatible for Editor in 0.19 ms, found 0 plugins.
Preloading 0 native plugins for Editor in 0.00 ms.
Invoked RoslynAnalysisRunner static constructor.
RoslynAnalysisRunner will not be running.
RoslynAnalysisRunner has terminated.
Mono: successfully reloaded assembly
- Completed reload, in  0.667 seconds
Platform modules already initialized, skipping
Refreshing native plugins compatible for Editor in 0.19 ms, found 0 plugins.
Preloading 0 native plugins for Editor in 0.00 ms.
Unloading 1148 Unused Serialized files (Serialized files now loaded: 0)
System memory in use before: 62.1 MB.
System memory in use after: 62.1 MB.

Unloading 4 unused Assets to reduce memory usage. Loaded Objects now: 1619.
Total: 1.724900 ms (FindLiveObjects: 0.117000 ms CreateObjectMapping: 0.034800 ms MarkObjects: 1.557900 ms  DeleteObjects: 0.014200 ms)

========================================================================
Received Prepare
Registering precompiled user dll's ...
Registered in 0.000525 seconds.
Begin MonoManager ReloadAssembly
Native extension for WindowsStandalone target not found
Refreshing native plugins compatible for Editor in 0.19 ms, found 0 plugins.
Preloading 0 native plugins for Editor in 0.00 ms.
Invoked RoslynAnalysisRunner static constructor.
RoslynAnalysisRunner will not be running.
RoslynAnalysisRunner has terminated.
Mono: successfully reloaded assembly
- Completed reload, in  0.649 seconds
Platform modules already initialized, skipping
Refreshing native plugins compatible for Editor in 0.19 ms, found 0 plugins.
Preloading 0 native plugins for Editor in 0.00 ms.
Unloading 1148 Unused Serialized files (Serialized files now loaded: 0)
System memory in use before: 62.2 MB.
System memory in use after: 62.3 MB.

Unloading 4 unused Assets to reduce memory usage. Loaded Objects now: 1621.
Total: 1.437100 ms (FindLiveObjects: 0.117900 ms CreateObjectMapping: 0.035400 ms MarkObjects: 1.271300 ms  DeleteObjects: 0.011400 ms)

========================================================================
Received Prepare
Registering precompiled user dll's ...
Registered in 0.000487 seconds.
Begin MonoManager ReloadAssembly
Native extension for WindowsStandalone target not found
Refreshing native plugins compatible for Editor in 0.19 ms, found 0 plugins.
Preloading 0 native plugins for Editor in 0.00 ms.
Invoked RoslynAnalysisRunner static constructor.
RoslynAnalysisRunner will not be running.
RoslynAnalysisRunner has terminated.
Mono: successfully reloaded assembly
- Completed reload, in  0.658 seconds
Platform modules already initialized, skipping
Refreshing native plugins compatible for Editor in 0.19 ms, found 0 plugins.
Preloading 0 native plugins for Editor in 0.00 ms.
Unloading 1148 Unused Serialized files (Serialized files now loaded: 0)
System memory in use before: 62.3 MB.
System memory in use after: 62.4 MB.

Unloading 4 unused Assets to reduce memory usage. Loaded Objects now: 1623.
Total: 1.363500 ms (FindLiveObjects: 0.115100 ms CreateObjectMapping: 0.031400 ms MarkObjects: 1.204700 ms  DeleteObjects: 0.011500 ms)

========================================================================
Received Prepare
Registering precompiled user dll's ...
Registered in 0.000543 seconds.
Begin MonoManager ReloadAssembly
Native extension for WindowsStandalone target not found
Refreshing native plugins compatible for Editor in 0.23 ms, found 0 plugins.
Preloading 0 native plugins for Editor in 0.00 ms.
Invoked RoslynAnalysisRunner static constructor.
RoslynAnalysisRunner will not be running.
RoslynAnalysisRunner has terminated.
Mono: successfully reloaded assembly
- Completed reload, in  0.757 seconds
Platform modules already initialized, skipping
Refreshing native plugins compatible for Editor in 0.20 ms, found 0 plugins.
Preloading 0 native plugins for Editor in 0.00 ms.
Unloading 1148 Unused Serialized files (Serialized files now loaded: 0)
System memory in use before: 62.5 MB.
System memory in use after: 62.6 MB.

Unloading 4 unused Assets to reduce memory usage. Loaded Objects now: 1625.
Total: 1.679500 ms (FindLiveObjects: 0.125900 ms CreateObjectMapping: 0.036700 ms MarkObjects: 1.502200 ms  DeleteObjects: 0.013400 ms)

========================================================================
Received Prepare
Registering precompiled user dll's ...
Registered in 0.000644 seconds.
Begin MonoManager ReloadAssembly
Native extension for WindowsStandalone target not found
Refreshing native plugins compatible for Editor in 0.22 ms, found 0 plugins.
Preloading 0 native plugins for Editor in 0.00 ms.
Invoked RoslynAnalysisRunner static constructor.
RoslynAnalysisRunner will not be running.
RoslynAnalysisRunner has terminated.
Mono: successfully reloaded assembly
- Completed reload, in  0.672 seconds
Platform modules already initialized, skipping
Refreshing native plugins compatible for Editor in 0.19 ms, found 0 plugins.
Preloading 0 native plugins for Editor in 0.00 ms.
Unloading 1148 Unused Serialized files (Serialized files now loaded: 0)
System memory in use before: 62.6 MB.
System memory in use after: 62.7 MB.

Unloading 4 unused Assets to reduce memory usage. Loaded Objects now: 1627.
Total: 1.439300 ms (FindLiveObjects: 0.110100 ms CreateObjectMapping: 0.030900 ms MarkObjects: 1.285500 ms  DeleteObjects: 0.012000 ms)

========================================================================
Received Prepare
Registering precompiled user dll's ...
Registered in 0.000469 seconds.
Begin MonoManager ReloadAssembly
Native extension for WindowsStandalone target not found
Refreshing native plugins compatible for Editor in 0.19 ms, found 0 plugins.
Preloading 0 native plugins for Editor in 0.00 ms.
Invoked RoslynAnalysisRunner static constructor.
RoslynAnalysisRunner will not be running.
RoslynAnalysisRunner has terminated.
Mono: successfully reloaded assembly
- Completed reload, in  0.639 seconds
Platform modules already initialized, skipping
Refreshing native plugins compatible for Editor in 0.19 ms, found 0 plugins.
Preloading 0 native plugins for Editor in 0.00 ms.
Unloading 1148 Unused Serialized files (Serialized files now loaded: 0)
System memory in use before: 62.7 MB.
System memory in use after: 62.8 MB.

Unloading 4 unused Assets to reduce memory usage. Loaded Objects now: 1629.
Total: 1.624200 ms (FindLiveObjects: 0.160000 ms CreateObjectMapping: 0.046100 ms MarkObjects: 1.401900 ms  DeleteObjects: 0.015300 ms)

========================================================================
Received Prepare
Registering precompiled user dll's ...
Registered in 0.000557 seconds.
Begin MonoManager ReloadAssembly
Native extension for WindowsStandalone target not found
Refreshing native plugins compatible for Editor in 0.19 ms, found 0 plugins.
Preloading 0 native plugins for Editor in 0.00 ms.
Invoked RoslynAnalysisRunner static constructor.
RoslynAnalysisRunner will not be running.
RoslynAnalysisRunner has terminated.
Mono: successfully reloaded assembly
- Completed reload, in  0.654 seconds
Platform modules already initialized, skipping
Refreshing native plugins compatible for Editor in 0.20 ms, found 0 plugins.
Preloading 0 native plugins for Editor in 0.00 ms.
Unloading 1148 Unused Serialized files (Serialized files now loaded: 0)
System memory in use before: 62.9 MB.
System memory in use after: 62.9 MB.

Unloading 4 unused Assets to reduce memory usage. Loaded Objects now: 1631.
Total: 1.550500 ms (FindLiveObjects: 0.122200 ms CreateObjectMapping: 0.033200 ms MarkObjects: 1.380500 ms  DeleteObjects: 0.013600 ms)

========================================================================
Received Prepare
Registering precompiled user dll's ...
Registered in 0.000465 seconds.
Begin MonoManager ReloadAssembly
Native extension for WindowsStandalone target not found
Refreshing native plugins compatible for Editor in 0.19 ms, found 0 plugins.
Preloading 0 native plugins for Editor in 0.00 ms.
Invoked RoslynAnalysisRunner static constructor.
RoslynAnalysisRunner will not be running.
RoslynAnalysisRunner has terminated.
Mono: successfully reloaded assembly
- Completed reload, in  0.655 seconds
Platform modules already initialized, skipping
Refreshing native plugins compatible for Editor in 0.19 ms, found 0 plugins.
Preloading 0 native plugins for Editor in 0.00 ms.
Unloading 1148 Unused Serialized files (Serialized files now loaded: 0)
System memory in use before: 62.9 MB.
System memory in use after: 63.0 MB.

Unloading 4 unused Assets to reduce memory usage. Loaded Objects now: 1633.
Total: 1.447600 ms (FindLiveObjects: 0.115500 ms CreateObjectMapping: 0.033600 ms MarkObjects: 1.286400 ms  DeleteObjects: 0.011300 ms)

========================================================================
Received Prepare
Registering precompiled user dll's ...
Registered in 0.000463 seconds.
Begin MonoManager ReloadAssembly
Native extension for WindowsStandalone target not found
Refreshing native plugins compatible for Editor in 0.20 ms, found 0 plugins.
Preloading 0 native plugins for Editor in 0.00 ms.
Invoked RoslynAnalysisRunner static constructor.
RoslynAnalysisRunner will not be running.
RoslynAnalysisRunner has terminated.
Mono: successfully reloaded assembly
- Completed reload, in  0.638 seconds
Platform modules already initialized, skipping
Refreshing native plugins compatible for Editor in 0.19 ms, found 0 plugins.
Preloading 0 native plugins for Editor in 0.00 ms.
Unloading 1148 Unused Serialized files (Serialized files now loaded: 0)
System memory in use before: 63.1 MB.
System memory in use after: 63.2 MB.

Unloading 4 unused Assets to reduce memory usage. Loaded Objects now: 1635.
Total: 1.473100 ms (FindLiveObjects: 0.114300 ms CreateObjectMapping: 0.032500 ms MarkObjects: 1.313900 ms  DeleteObjects: 0.011800 ms)

AssetImportWorkerClient::OnTransportError - code=2 error=End of file
